Determining if the pthread_create exist failed with the following output:
Change Dir: /home/dimitris/QT/PCL_REGISTRATION_NEW___FINAL__ICCV__2015___wRELEEASE/build/CMakeFiles/CMakeTmp

Run Build Command:"/usr/bin/make" "cmTryCompileExec1816201775/fast"
/usr/bin/make -f CMakeFiles/cmTryCompileExec1816201775.dir/build.make CMakeFiles/cmTryCompileExec1816201775.dir/build
make[1]: Entering directory `/home/dimitris/QT/PCL_REGISTRATION_NEW___FINAL__ICCV__2015___wRELEEASE/build/CMakeFiles/CMakeTmp'
/usr/local/bin/cmake -E cmake_progress_report /home/dimitris/QT/PCL_REGISTRATION_NEW___FINAL__ICCV__2015___wRELEEASE/build/CMakeFiles/CMakeTmp/CMakeFiles 1
Building C object CMakeFiles/cmTryCompileExec1816201775.dir/CheckSymbolExists.c.o
/usr/bin/cc    -o CMakeFiles/cmTryCompileExec1816201775.dir/CheckSymbolExists.c.o   -c /home/dimitris/QT/PCL_REGISTRATION_NEW___FINAL__ICCV__2015___wRELEEASE/build/CMakeFiles/CMakeTmp/CheckSymbolExists.c
Linking C executable cmTryCompileExec1816201775
/usr/local/bin/cmake -E cmake_link_script CMakeFiles/cmTryCompileExec1816201775.dir/link.txt --verbose=1
/usr/bin/cc       CMakeFiles/cmTryCompileExec1816201775.dir/CheckSymbolExists.c.o  -o cmTryCompileExec1816201775 -rdynamic 
CMakeFiles/cmTryCompileExec1816201775.dir/CheckSymbolExists.c.o: In function `main':
CheckSymbolExists.c:(.text+0x16): undefined reference to `pthread_create'
collect2: ld returned 1 exit status
make[1]: *** [cmTryCompileExec1816201775] Error 1
make[1]: Leaving directory `/home/dimitris/QT/PCL_REGISTRATION_NEW___FINAL__ICCV__2015___wRELEEASE/build/CMakeFiles/CMakeTmp'
make: *** [cmTryCompileExec1816201775/fast] Error 2

File /home/dimitris/QT/PCL_REGISTRATION_NEW___FINAL__ICCV__2015___wRELEEASE/build/CMakeFiles/CMakeTmp/CheckSymbolExists.c:
/* */
#include <pthread.h>

int main(int argc, char** argv)
{
  (void)argv;
#ifndef pthread_create
  return ((int*)(&pthread_create))[argc];
#else
  (void)argc;
  return 0;
#endif
}

Determining if the function pthread_create exists in the pthreads failed with the following output:
Change Dir: /home/dimitris/QT/PCL_REGISTRATION_NEW___FINAL__ICCV__2015___wRELEEASE/build/CMakeFiles/CMakeTmp

Run Build Command:"/usr/bin/make" "cmTryCompileExec3491564058/fast"
/usr/bin/make -f CMakeFiles/cmTryCompileExec3491564058.dir/build.make CMakeFiles/cmTryCompileExec3491564058.dir/build
make[1]: Entering directory `/home/dimitris/QT/PCL_REGISTRATION_NEW___FINAL__ICCV__2015___wRELEEASE/build/CMakeFiles/CMakeTmp'
/usr/local/bin/cmake -E cmake_progress_report /home/dimitris/QT/PCL_REGISTRATION_NEW___FINAL__ICCV__2015___wRELEEASE/build/CMakeFiles/CMakeTmp/CMakeFiles 1
Building C object CMakeFiles/cmTryCompileExec3491564058.dir/CheckFunctionExists.c.o
/usr/bin/cc   -DCHECK_FUNCTION_EXISTS=pthread_create   -o CMakeFiles/cmTryCompileExec3491564058.dir/CheckFunctionExists.c.o   -c /usr/local/share/cmake-3.2/Modules/CheckFunctionExists.c
Linking C executable cmTryCompileExec3491564058
/usr/local/bin/cmake -E cmake_link_script CMakeFiles/cmTryCompileExec3491564058.dir/link.txt --verbose=1
/usr/bin/cc   -DCHECK_FUNCTION_EXISTS=pthread_create    CMakeFiles/cmTryCompileExec3491564058.dir/CheckFunctionExists.c.o  -o cmTryCompileExec3491564058 -rdynamic -lpthreads 
/usr/bin/ld: cannot find -lpthreads
collect2: ld returned 1 exit status
make[1]: *** [cmTryCompileExec3491564058] Error 1
make[1]: Leaving directory `/home/dimitris/QT/PCL_REGISTRATION_NEW___FINAL__ICCV__2015___wRELEEASE/build/CMakeFiles/CMakeTmp'
make: *** [cmTryCompileExec3491564058/fast] Error 2


Determining if the Q_WS_WIN exist failed with the following output:
Change Dir: /home/dimitris/QT/PCL_REGISTRATION_NEW___FINAL__ICCV__2015___wRELEEASE/build/CMakeFiles/CMakeTmp

Run Build Command:"/usr/bin/make" "cmTryCompileExec1474293891/fast"
/usr/bin/make -f CMakeFiles/cmTryCompileExec1474293891.dir/build.make CMakeFiles/cmTryCompileExec1474293891.dir/build
make[1]: Entering directory `/home/dimitris/QT/PCL_REGISTRATION_NEW___FINAL__ICCV__2015___wRELEEASE/build/CMakeFiles/CMakeTmp'
/usr/local/bin/cmake -E cmake_progress_report /home/dimitris/QT/PCL_REGISTRATION_NEW___FINAL__ICCV__2015___wRELEEASE/build/CMakeFiles/CMakeTmp/CMakeFiles 1
Building CXX object CMakeFiles/cmTryCompileExec1474293891.dir/CheckSymbolExists.cxx.o
/usr/bin/c++    -O2  -I/usr/include/qt4    -o CMakeFiles/cmTryCompileExec1474293891.dir/CheckSymbolExists.cxx.o -c /home/dimitris/QT/PCL_REGISTRATION_NEW___FINAL__ICCV__2015___wRELEEASE/build/CMakeFiles/CMakeTmp/CheckSymbolExists.cxx
/home/dimitris/QT/PCL_REGISTRATION_NEW___FINAL__ICCV__2015___wRELEEASE/build/CMakeFiles/CMakeTmp/CheckSymbolExists.cxx: In function ‘int main(int, char**)’:
/home/dimitris/QT/PCL_REGISTRATION_NEW___FINAL__ICCV__2015___wRELEEASE/build/CMakeFiles/CMakeTmp/CheckSymbolExists.cxx:8:19: error: ‘Q_WS_WIN’ was not declared in this scope
make[1]: *** [CMakeFiles/cmTryCompileExec1474293891.dir/CheckSymbolExists.cxx.o] Error 1
make[1]: Leaving directory `/home/dimitris/QT/PCL_REGISTRATION_NEW___FINAL__ICCV__2015___wRELEEASE/build/CMakeFiles/CMakeTmp'
make: *** [cmTryCompileExec1474293891/fast] Error 2

File /home/dimitris/QT/PCL_REGISTRATION_NEW___FINAL__ICCV__2015___wRELEEASE/build/CMakeFiles/CMakeTmp/CheckSymbolExists.cxx:
/* */
#include <QtCore/qglobal.h>

int main(int argc, char** argv)
{
  (void)argv;
#ifndef Q_WS_WIN
  return ((int*)(&Q_WS_WIN))[argc];
#else
  (void)argc;
  return 0;
#endif
}

Determining if the Q_WS_QWS exist failed with the following output:
Change Dir: /home/dimitris/QT/PCL_REGISTRATION_NEW___FINAL__ICCV__2015___wRELEEASE/build/CMakeFiles/CMakeTmp

Run Build Command:"/usr/bin/make" "cmTryCompileExec3691174364/fast"
/usr/bin/make -f CMakeFiles/cmTryCompileExec3691174364.dir/build.make CMakeFiles/cmTryCompileExec3691174364.dir/build
make[1]: Entering directory `/home/dimitris/QT/PCL_REGISTRATION_NEW___FINAL__ICCV__2015___wRELEEASE/build/CMakeFiles/CMakeTmp'
/usr/local/bin/cmake -E cmake_progress_report /home/dimitris/QT/PCL_REGISTRATION_NEW___FINAL__ICCV__2015___wRELEEASE/build/CMakeFiles/CMakeTmp/CMakeFiles 1
Building CXX object CMakeFiles/cmTryCompileExec3691174364.dir/CheckSymbolExists.cxx.o
/usr/bin/c++    -O2  -I/usr/include/qt4    -o CMakeFiles/cmTryCompileExec3691174364.dir/CheckSymbolExists.cxx.o -c /home/dimitris/QT/PCL_REGISTRATION_NEW___FINAL__ICCV__2015___wRELEEASE/build/CMakeFiles/CMakeTmp/CheckSymbolExists.cxx
/home/dimitris/QT/PCL_REGISTRATION_NEW___FINAL__ICCV__2015___wRELEEASE/build/CMakeFiles/CMakeTmp/CheckSymbolExists.cxx: In function ‘int main(int, char**)’:
/home/dimitris/QT/PCL_REGISTRATION_NEW___FINAL__ICCV__2015___wRELEEASE/build/CMakeFiles/CMakeTmp/CheckSymbolExists.cxx:8:19: error: ‘Q_WS_QWS’ was not declared in this scope
make[1]: *** [CMakeFiles/cmTryCompileExec3691174364.dir/CheckSymbolExists.cxx.o] Error 1
make[1]: Leaving directory `/home/dimitris/QT/PCL_REGISTRATION_NEW___FINAL__ICCV__2015___wRELEEASE/build/CMakeFiles/CMakeTmp'
make: *** [cmTryCompileExec3691174364/fast] Error 2

File /home/dimitris/QT/PCL_REGISTRATION_NEW___FINAL__ICCV__2015___wRELEEASE/build/CMakeFiles/CMakeTmp/CheckSymbolExists.cxx:
/* */
#include <QtCore/qglobal.h>

int main(int argc, char** argv)
{
  (void)argv;
#ifndef Q_WS_QWS
  return ((int*)(&Q_WS_QWS))[argc];
#else
  (void)argc;
  return 0;
#endif
}

Determining if the Q_WS_MAC exist failed with the following output:
Change Dir: /home/dimitris/QT/PCL_REGISTRATION_NEW___FINAL__ICCV__2015___wRELEEASE/build/CMakeFiles/CMakeTmp

Run Build Command:"/usr/bin/make" "cmTryCompileExec2144395955/fast"
/usr/bin/make -f CMakeFiles/cmTryCompileExec2144395955.dir/build.make CMakeFiles/cmTryCompileExec2144395955.dir/build
make[1]: Entering directory `/home/dimitris/QT/PCL_REGISTRATION_NEW___FINAL__ICCV__2015___wRELEEASE/build/CMakeFiles/CMakeTmp'
/usr/local/bin/cmake -E cmake_progress_report /home/dimitris/QT/PCL_REGISTRATION_NEW___FINAL__ICCV__2015___wRELEEASE/build/CMakeFiles/CMakeTmp/CMakeFiles 1
Building CXX object CMakeFiles/cmTryCompileExec2144395955.dir/CheckSymbolExists.cxx.o
/usr/bin/c++    -O2  -I/usr/include/qt4    -o CMakeFiles/cmTryCompileExec2144395955.dir/CheckSymbolExists.cxx.o -c /home/dimitris/QT/PCL_REGISTRATION_NEW___FINAL__ICCV__2015___wRELEEASE/build/CMakeFiles/CMakeTmp/CheckSymbolExists.cxx
/home/dimitris/QT/PCL_REGISTRATION_NEW___FINAL__ICCV__2015___wRELEEASE/build/CMakeFiles/CMakeTmp/CheckSymbolExists.cxx: In function ‘int main(int, char**)’:
/home/dimitris/QT/PCL_REGISTRATION_NEW___FINAL__ICCV__2015___wRELEEASE/build/CMakeFiles/CMakeTmp/CheckSymbolExists.cxx:8:19: error: ‘Q_WS_MAC’ was not declared in this scope
make[1]: *** [CMakeFiles/cmTryCompileExec2144395955.dir/CheckSymbolExists.cxx.o] Error 1
make[1]: Leaving directory `/home/dimitris/QT/PCL_REGISTRATION_NEW___FINAL__ICCV__2015___wRELEEASE/build/CMakeFiles/CMakeTmp'
make: *** [cmTryCompileExec2144395955/fast] Error 2

File /home/dimitris/QT/PCL_REGISTRATION_NEW___FINAL__ICCV__2015___wRELEEASE/build/CMakeFiles/CMakeTmp/CheckSymbolExists.cxx:
/* */
#include <QtCore/qglobal.h>

int main(int argc, char** argv)
{
  (void)argv;
#ifndef Q_WS_MAC
  return ((int*)(&Q_WS_MAC))[argc];
#else
  (void)argc;
  return 0;
#endif
}

